{"E:\\brain_mentor\\workshop-feedback-system\\src\\components\\auth\\RequireAuth.tsx": {"path":"E:\\brain_mentor\\workshop-feedback-system\\src\\components\\auth\\RequireAuth.tsx","statementMap":{"0":{"start":{"line":6,"column":13},"end":{"line":19,"column":null}},"1":{"start":{"line":7,"column":16},"end":{"line":7,"column":null}},"2":{"start":{"line":8,"column":8},"end":{"line":8,"column":null}},"3":{"start":{"line":10,"column":2},"end":{"line":12,"column":null}},"4":{"start":{"line":11,"column":4},"end":{"line":11,"column":null}},"5":{"start":{"line":14,"column":2},"end":{"line":16,"column":null}},"6":{"start":{"line":15,"column":4},"end":{"line":15,"column":null}},"7":{"start":{"line":18,"column":2},"end":{"line":18,"column":null}}},"fnMap":{"0":{"name":"(anonymous_0)","decl":{"start":{"line":6,"column":13},"end":{"line":6,"column":69}},"loc":{"start":{"line":6,"column":86},"end":{"line":19,"column":null}},"line":6}},"branchMap":{"0":{"loc":{"start":{"line":10,"column":2},"end":{"line":12,"column":null}},"type":"if","locations":[{"start":{"line":10,"column":2},"end":{"line":12,"column":null}},{"start":{},"end":{}}],"line":10},"1":{"loc":{"start":{"line":14,"column":2},"end":{"line":16,"column":null}},"type":"if","locations":[{"start":{"line":14,"column":2},"end":{"line":16,"column":null}},{"start":{},"end":{}}],"line":14}},"s":{"0":1,"1":1,"2":1,"3":1,"4":0,"5":1,"6":1,"7":0},"f":{"0":1},"b":{"0":[0,1],"1":[1,0]},"meta":{"lastBranch":2,"lastFunction":1,"lastStatement":8,"seen":{"s:6:13:19:Infinity":0,"f:6:13:6:69":0,"s:7:16:7:Infinity":1,"s:8:8:8:Infinity":2,"b:10:2:12:Infinity:undefined:undefined:undefined:undefined":0,"s:10:2:12:Infinity":3,"s:11:4:11:Infinity":4,"b:14:2:16:Infinity:undefined:undefined:undefined:undefined":1,"s:14:2:16:Infinity":5,"s:15:4:15:Infinity":6,"s:18:2:18:Infinity":7},"fnNames":{}}}
,"E:\\brain_mentor\\workshop-feedback-system\\src\\components\\shared\\Button.tsx": {"path":"E:\\brain_mentor\\workshop-feedback-system\\src\\components\\shared\\Button.tsx","statementMap":{"0":{"start":{"line":14,"column":22},"end":{"line":61,"column":null}},"1":{"start":{"line":29,"column":23},"end":{"line":29,"column":null}},"2":{"start":{"line":31,"column":21},"end":{"line":36,"column":null}},"3":{"start":{"line":38,"column":18},"end":{"line":42,"column":null}},"4":{"start":{"line":44,"column":4},"end":{"line":58,"column":null}},"5":{"start":{"line":63,"column":0},"end":{"line":63,"column":null}}},"fnMap":{"0":{"name":"(anonymous_0)","decl":{"start":{"line":14,"column":28},"end":{"line":14,"column":null}},"loc":{"start":{"line":28,"column":7},"end":{"line":60,"column":null}},"line":28}},"branchMap":{"0":{"loc":{"start":{"line":18,"column":6},"end":{"line":18,"column":null}},"type":"default-arg","locations":[{"start":{"line":18,"column":16},"end":{"line":18,"column":null}}],"line":18},"1":{"loc":{"start":{"line":19,"column":6},"end":{"line":19,"column":null}},"type":"default-arg","locations":[{"start":{"line":19,"column":13},"end":{"line":19,"column":null}}],"line":19},"2":{"loc":{"start":{"line":20,"column":6},"end":{"line":20,"column":null}},"type":"default-arg","locations":[{"start":{"line":20,"column":18},"end":{"line":20,"column":null}}],"line":20},"3":{"loc":{"start":{"line":23,"column":6},"end":{"line":23,"column":null}},"type":"default-arg","locations":[{"start":{"line":23,"column":18},"end":{"line":23,"column":null}}],"line":23},"4":{"loc":{"start":{"line":47,"column":18},"end":{"line":47,"column":null}},"type":"cond-expr","locations":[{"start":{"line":47,"column":42},"end":{"line":47,"column":54}},{"start":{"line":47,"column":54},"end":{"line":47,"column":null}}],"line":47},"5":{"loc":{"start":{"line":47,"column":18},"end":{"line":47,"column":42}},"type":"binary-expr","locations":[{"start":{"line":47,"column":18},"end":{"line":47,"column":30}},{"start":{"line":47,"column":30},"end":{"line":47,"column":42}}],"line":47},"6":{"loc":{"start":{"line":49,"column":18},"end":{"line":49,"column":null}},"type":"binary-expr","locations":[{"start":{"line":49,"column":18},"end":{"line":49,"column":30}},{"start":{"line":49,"column":30},"end":{"line":49,"column":null}}],"line":49},"7":{"loc":{"start":{"line":52,"column":9},"end":{"line":53,"column":null}},"type":"binary-expr","locations":[{"start":{"line":52,"column":9},"end":{"line":52,"column":null}},{"start":{"line":53,"column":10},"end":{"line":53,"column":null}}],"line":52},"8":{"loc":{"start":{"line":55,"column":9},"end":{"line":55,"column":null}},"type":"binary-expr","locations":[{"start":{"line":55,"column":9},"end":{"line":55,"column":23}},{"start":{"line":55,"column":23},"end":{"line":55,"column":35}},{"start":{"line":55,"column":35},"end":{"line":55,"column":null}}],"line":55},"9":{"loc":{"start":{"line":57,"column":9},"end":{"line":57,"column":null}},"type":"binary-expr","locations":[{"start":{"line":57,"column":9},"end":{"line":57,"column":23}},{"start":{"line":57,"column":23},"end":{"line":57,"column":36}},{"start":{"line":57,"column":36},"end":{"line":57,"column":null}}],"line":57}},"s":{"0":1,"1":2,"2":2,"3":2,"4":2,"5":1},"f":{"0":2},"b":{"0":[2],"1":[2],"2":[2],"3":[2],"4":[0,2],"5":[2,2],"6":[2,2],"7":[2,0],"8":[2,2,0],"9":[2,2,0]},"meta":{"lastBranch":10,"lastFunction":1,"lastStatement":6,"seen":{"s:14:22:61:Infinity":0,"f:14:28:14:Infinity":0,"b:18:16:18:Infinity":0,"b:19:13:19:Infinity":1,"b:20:18:20:Infinity":2,"b:23:18:23:Infinity":3,"s:29:23:29:Infinity":1,"s:31:21:36:Infinity":2,"s:38:18:42:Infinity":3,"s:44:4:58:Infinity":4,"b:47:42:47:54:47:54:47:Infinity":4,"b:47:18:47:30:47:30:47:42":5,"b:49:18:49:30:49:30:49:Infinity":6,"b:52:9:52:Infinity:53:10:53:Infinity":7,"b:55:9:55:23:55:23:55:35:55:35:55:Infinity":8,"b:57:9:57:23:57:23:57:36:57:36:57:Infinity":9,"s:63:0:63:Infinity":5},"fnNames":{}}}
,"E:\\brain_mentor\\workshop-feedback-system\\src\\components\\shared\\Input.tsx": {"path":"E:\\brain_mentor\\workshop-feedback-system\\src\\components\\shared\\Input.tsx","statementMap":{"0":{"start":{"line":10,"column":21},"end":{"line":50,"column":null}},"1":{"start":{"line":12,"column":20},"end":{"line":12,"column":null}},"2":{"start":{"line":14,"column":4},"end":{"line":47,"column":null}},"3":{"start":{"line":52,"column":0},"end":{"line":52,"column":null}}},"fnMap":{"0":{"name":"(anonymous_0)","decl":{"start":{"line":10,"column":27},"end":{"line":10,"column":null}},"loc":{"start":{"line":11,"column":71},"end":{"line":49,"column":null}},"line":11}},"branchMap":{"0":{"loc":{"start":{"line":11,"column":31},"end":{"line":11,"column":47}},"type":"default-arg","locations":[{"start":{"line":11,"column":43},"end":{"line":11,"column":47}}],"line":11},"1":{"loc":{"start":{"line":12,"column":20},"end":{"line":12,"column":null}},"type":"binary-expr","locations":[{"start":{"line":12,"column":20},"end":{"line":12,"column":26}},{"start":{"line":12,"column":26},"end":{"line":12,"column":null}}],"line":12},"2":{"loc":{"start":{"line":17,"column":19},"end":{"line":17,"column":null}},"type":"binary-expr","locations":[{"start":{"line":17,"column":19},"end":{"line":17,"column":37}},{"start":{"line":17,"column":37},"end":{"line":17,"column":null}}],"line":17},"3":{"loc":{"start":{"line":27,"column":14},"end":{"line":29,"column":null}},"type":"cond-expr","locations":[{"start":{"line":28,"column":16},"end":{"line":28,"column":null}},{"start":{"line":29,"column":16},"end":{"line":29,"column":null}}],"line":27},"4":{"loc":{"start":{"line":33,"column":24},"end":{"line":33,"column":null}},"type":"cond-expr","locations":[{"start":{"line":33,"column":32},"end":{"line":33,"column":41}},{"start":{"line":33,"column":41},"end":{"line":33,"column":null}}],"line":33},"5":{"loc":{"start":{"line":34,"column":28},"end":{"line":34,"column":null}},"type":"cond-expr","locations":[{"start":{"line":34,"column":36},"end":{"line":34,"column":57}},{"start":{"line":34,"column":57},"end":{"line":34,"column":null}}],"line":34},"6":{"loc":{"start":{"line":34,"column":57},"end":{"line":34,"column":null}},"type":"cond-expr","locations":[{"start":{"line":34,"column":70},"end":{"line":34,"column":92}},{"start":{"line":34,"column":92},"end":{"line":34,"column":null}}],"line":34},"7":{"loc":{"start":{"line":37,"column":9},"end":{"line":40,"column":null}},"type":"binary-expr","locations":[{"start":{"line":37,"column":9},"end":{"line":37,"column":null}},{"start":{"line":38,"column":10},"end":{"line":40,"column":null}}],"line":37},"8":{"loc":{"start":{"line":42,"column":9},"end":{"line":45,"column":null}},"type":"binary-expr","locations":[{"start":{"line":42,"column":9},"end":{"line":42,"column":23}},{"start":{"line":42,"column":23},"end":{"line":42,"column":null}},{"start":{"line":43,"column":10},"end":{"line":45,"column":null}}],"line":42}},"s":{"0":1,"1":4,"2":4,"3":1},"f":{"0":4},"b":{"0":[4],"1":[4,4],"2":[4,0],"3":[0,4],"4":[0,4],"5":[0,4],"6":[0,4],"7":[4,0],"8":[4,0,0]},"meta":{"lastBranch":9,"lastFunction":1,"lastStatement":4,"seen":{"s:10:21:50:Infinity":0,"f:10:27:10:Infinity":0,"b:11:43:11:47":0,"s:12:20:12:Infinity":1,"b:12:20:12:26:12:26:12:Infinity":1,"s:14:4:47:Infinity":2,"b:17:19:17:37:17:37:17:Infinity":2,"b:28:16:28:Infinity:29:16:29:Infinity":3,"b:33:32:33:41:33:41:33:Infinity":4,"b:34:36:34:57:34:57:34:Infinity":5,"b:34:70:34:92:34:92:34:Infinity":6,"b:37:9:37:Infinity:38:10:40:Infinity":7,"b:42:9:42:23:42:23:42:Infinity:43:10:45:Infinity":8,"s:52:0:52:Infinity":3},"fnNames":{}}}
,"E:\\brain_mentor\\workshop-feedback-system\\src\\components\\shared\\Loader.tsx": {"path":"E:\\brain_mentor\\workshop-feedback-system\\src\\components\\shared\\Loader.tsx","statementMap":{"0":{"start":{"line":11,"column":13},"end":{"line":34,"column":null}},"1":{"start":{"line":12,"column":16},"end":{"line":16,"column":null}},"2":{"start":{"line":19,"column":4},"end":{"line":22,"column":null}},"3":{"start":{"line":25,"column":2},"end":{"line":31,"column":null}},"4":{"start":{"line":26,"column":4},"end":{"line":29,"column":null}},"5":{"start":{"line":33,"column":2},"end":{"line":33,"column":null}}},"fnMap":{"0":{"name":"(anonymous_0)","decl":{"start":{"line":11,"column":13},"end":{"line":11,"column":46}},"loc":{"start":{"line":11,"column":108},"end":{"line":34,"column":null}},"line":11}},"branchMap":{"0":{"loc":{"start":{"line":11,"column":48},"end":{"line":11,"column":61}},"type":"default-arg","locations":[{"start":{"line":11,"column":55},"end":{"line":11,"column":61}}],"line":11},"1":{"loc":{"start":{"line":11,"column":61},"end":{"line":11,"column":77}},"type":"default-arg","locations":[{"start":{"line":11,"column":73},"end":{"line":11,"column":77}}],"line":11},"2":{"loc":{"start":{"line":11,"column":83},"end":{"line":11,"column":108}},"type":"default-arg","locations":[{"start":{"line":11,"column":96},"end":{"line":11,"column":108}}],"line":11},"3":{"loc":{"start":{"line":21,"column":7},"end":{"line":22,"column":null}},"type":"binary-expr","locations":[{"start":{"line":21,"column":7},"end":{"line":21,"column":15}},{"start":{"line":21,"column":15},"end":{"line":22,"column":null}}],"line":21},"4":{"loc":{"start":{"line":25,"column":2},"end":{"line":31,"column":null}},"type":"if","locations":[{"start":{"line":25,"column":2},"end":{"line":31,"column":null}},{"start":{},"end":{}}],"line":25}},"s":{"0":1,"1":1,"2":1,"3":1,"4":1,"5":0},"f":{"0":1},"b":{"0":[1],"1":[1],"2":[1],"3":[1,1],"4":[1,0]},"meta":{"lastBranch":5,"lastFunction":1,"lastStatement":6,"seen":{"s:11:13:34:Infinity":0,"f:11:13:11:46":0,"b:11:55:11:61":0,"b:11:73:11:77":1,"b:11:96:11:108":2,"s:12:16:16:Infinity":1,"s:19:4:22:Infinity":2,"b:21:7:21:15:21:15:22:Infinity":3,"b:25:2:31:Infinity:undefined:undefined:undefined:undefined":4,"s:25:2:31:Infinity":3,"s:26:4:29:Infinity":4,"s:33:2:33:Infinity":5},"fnNames":{}}}
,"E:\\brain_mentor\\workshop-feedback-system\\src\\components\\student\\OtpInput.tsx": {"path":"E:\\brain_mentor\\workshop-feedback-system\\src\\components\\student\\OtpInput.tsx","statementMap":{"0":{"start":{"line":14,"column":13},"end":{"line":131,"column":null}},"1":{"start":{"line":22,"column":14},"end":{"line":22,"column":null}},"2":{"start":{"line":23,"column":8},"end":{"line":23,"column":null}},"3":{"start":{"line":25,"column":8},"end":{"line":29,"column":null}},"4":{"start":{"line":26,"column":4},"end":{"line":28,"column":null}},"5":{"start":{"line":27,"column":6},"end":{"line":27,"column":null}},"6":{"start":{"line":31,"column":8},"end":{"line":51,"column":null}},"7":{"start":{"line":32,"column":18},"end":{"line":32,"column":null}},"8":{"start":{"line":33,"column":4},"end":{"line":33,"column":null}},"9":{"start":{"line":33,"column":30},"end":{"line":33,"column":null}},"10":{"start":{"line":35,"column":19},"end":{"line":35,"column":null}},"11":{"start":{"line":37,"column":4},"end":{"line":37,"column":null}},"12":{"start":{"line":38,"column":4},"end":{"line":38,"column":null}},"13":{"start":{"line":41,"column":24},"end":{"line":41,"column":null}},"14":{"start":{"line":42,"column":4},"end":{"line":42,"column":null}},"15":{"start":{"line":44,"column":4},"end":{"line":46,"column":null}},"16":{"start":{"line":45,"column":6},"end":{"line":45,"column":null}},"17":{"start":{"line":48,"column":4},"end":{"line":50,"column":null}},"18":{"start":{"line":49,"column":6},"end":{"line":49,"column":null}},"19":{"start":{"line":53,"column":8},"end":{"line":68,"column":null}},"20":{"start":{"line":54,"column":4},"end":{"line":67,"column":null}},"21":{"start":{"line":55,"column":6},"end":{"line":62,"column":null}},"22":{"start":{"line":56,"column":8},"end":{"line":56,"column":null}},"23":{"start":{"line":58,"column":23},"end":{"line":58,"column":null}},"24":{"start":{"line":59,"column":8},"end":{"line":59,"column":null}},"25":{"start":{"line":60,"column":8},"end":{"line":60,"column":null}},"26":{"start":{"line":61,"column":8},"end":{"line":61,"column":null}},"27":{"start":{"line":63,"column":11},"end":{"line":67,"column":null}},"28":{"start":{"line":64,"column":6},"end":{"line":64,"column":null}},"29":{"start":{"line":65,"column":11},"end":{"line":67,"column":null}},"30":{"start":{"line":66,"column":6},"end":{"line":66,"column":null}},"31":{"start":{"line":70,"column":8},"end":{"line":89,"column":null}},"32":{"start":{"line":71,"column":4},"end":{"line":71,"column":null}},"33":{"start":{"line":72,"column":23},"end":{"line":72,"column":null}},"34":{"start":{"line":73,"column":4},"end":{"line":73,"column":null}},"35":{"start":{"line":73,"column":32},"end":{"line":73,"column":51}},"36":{"start":{"line":73,"column":54},"end":{"line":73,"column":null}},"37":{"start":{"line":75,"column":19},"end":{"line":75,"column":null}},"38":{"start":{"line":76,"column":4},"end":{"line":78,"column":null}},"39":{"start":{"line":77,"column":6},"end":{"line":77,"column":null}},"40":{"start":{"line":79,"column":4},"end":{"line":79,"column":null}},"41":{"start":{"line":81,"column":4},"end":{"line":81,"column":null}},"42":{"start":{"line":83,"column":24},"end":{"line":83,"column":null}},"43":{"start":{"line":84,"column":4},"end":{"line":84,"column":null}},"44":{"start":{"line":86,"column":4},"end":{"line":88,"column":null}},"45":{"start":{"line":87,"column":6},"end":{"line":87,"column":null}},"46":{"start":{"line":91,"column":2},"end":{"line":129,"column":null}},"47":{"start":{"line":95,"column":10},"end":{"line":115,"column":null}},"48":{"start":{"line":97,"column":27},"end":{"line":97,"column":58}},"49":{"start":{"line":103,"column":29},"end":{"line":103,"column":null}},"50":{"start":{"line":104,"column":30},"end":{"line":104,"column":null}}},"fnMap":{"0":{"name":"(anonymous_0)","decl":{"start":{"line":14,"column":13},"end":{"line":14,"column":50}},"loc":{"start":{"line":21,"column":6},"end":{"line":131,"column":null}},"line":21},"1":{"name":"(anonymous_1)","decl":{"start":{"line":25,"column":8},"end":{"line":25,"column":22}},"loc":{"start":{"line":25,"column":40},"end":{"line":29,"column":null}},"line":25},"2":{"name":"(anonymous_2)","decl":{"start":{"line":31,"column":8},"end":{"line":31,"column":24}},"loc":{"start":{"line":31,"column":82},"end":{"line":51,"column":null}},"line":31},"3":{"name":"(anonymous_3)","decl":{"start":{"line":53,"column":8},"end":{"line":53,"column":25}},"loc":{"start":{"line":53,"column":79},"end":{"line":68,"column":null}},"line":53},"4":{"name":"(anonymous_4)","decl":{"start":{"line":70,"column":8},"end":{"line":70,"column":23}},"loc":{"start":{"line":70,"column":63},"end":{"line":89,"column":null}},"line":70},"5":{"name":"(anonymous_5)","decl":{"start":{"line":73,"column":19},"end":{"line":73,"column":24}},"loc":{"start":{"line":73,"column":32},"end":{"line":73,"column":51}},"line":73},"6":{"name":"(anonymous_6)","decl":{"start":{"line":76,"column":15},"end":{"line":76,"column":24}},"loc":{"start":{"line":76,"column":40},"end":{"line":78,"column":5}},"line":76},"7":{"name":"(anonymous_7)","decl":{"start":{"line":94,"column":13},"end":{"line":94,"column":18}},"loc":{"start":{"line":95,"column":10},"end":{"line":115,"column":null}},"line":95},"8":{"name":"(anonymous_8)","decl":{"start":{"line":97,"column":12},"end":{"line":97,"column":18}},"loc":{"start":{"line":97,"column":25},"end":{"line":97,"column":null}},"line":97},"9":{"name":"(anonymous_9)","decl":{"start":{"line":103,"column":12},"end":{"line":103,"column":23}},"loc":{"start":{"line":103,"column":29},"end":{"line":103,"column":null}},"line":103},"10":{"name":"(anonymous_10)","decl":{"start":{"line":104,"column":12},"end":{"line":104,"column":24}},"loc":{"start":{"line":104,"column":30},"end":{"line":104,"column":null}},"line":104}},"branchMap":{"0":{"loc":{"start":{"line":15,"column":2},"end":{"line":15,"column":null}},"type":"default-arg","locations":[{"start":{"line":15,"column":11},"end":{"line":15,"column":null}}],"line":15},"1":{"loc":{"start":{"line":18,"column":2},"end":{"line":18,"column":null}},"type":"default-arg","locations":[{"start":{"line":18,"column":14},"end":{"line":18,"column":null}}],"line":18},"2":{"loc":{"start":{"line":19,"column":2},"end":{"line":19,"column":null}},"type":"default-arg","locations":[{"start":{"line":19,"column":10},"end":{"line":19,"column":null}}],"line":19},"3":{"loc":{"start":{"line":20,"column":2},"end":{"line":20,"column":null}},"type":"default-arg","locations":[{"start":{"line":20,"column":13},"end":{"line":20,"column":null}}],"line":20},"4":{"loc":{"start":{"line":26,"column":4},"end":{"line":28,"column":null}},"type":"if","locations":[{"start":{"line":26,"column":4},"end":{"line":28,"column":null}},{"start":{},"end":{}}],"line":26},"5":{"loc":{"start":{"line":26,"column":8},"end":{"line":26,"column":38}},"type":"binary-expr","locations":[{"start":{"line":26,"column":8},"end":{"line":26,"column":22}},{"start":{"line":26,"column":22},"end":{"line":26,"column":38}}],"line":26},"6":{"loc":{"start":{"line":33,"column":4},"end":{"line":33,"column":null}},"type":"if","locations":[{"start":{"line":33,"column":4},"end":{"line":33,"column":null}},{"start":{},"end":{}}],"line":33},"7":{"loc":{"start":{"line":44,"column":4},"end":{"line":46,"column":null}},"type":"if","locations":[{"start":{"line":44,"column":4},"end":{"line":46,"column":null}},{"start":{},"end":{}}],"line":44},"8":{"loc":{"start":{"line":48,"column":4},"end":{"line":50,"column":null}},"type":"if","locations":[{"start":{"line":48,"column":4},"end":{"line":50,"column":null}},{"start":{},"end":{}}],"line":48},"9":{"loc":{"start":{"line":48,"column":8},"end":{"line":48,"column":68}},"type":"binary-expr","locations":[{"start":{"line":48,"column":8},"end":{"line":48,"column":41}},{"start":{"line":48,"column":41},"end":{"line":48,"column":68}}],"line":48},"10":{"loc":{"start":{"line":54,"column":4},"end":{"line":67,"column":null}},"type":"if","locations":[{"start":{"line":54,"column":4},"end":{"line":67,"column":null}},{"start":{"line":63,"column":11},"end":{"line":67,"column":null}}],"line":54},"11":{"loc":{"start":{"line":55,"column":6},"end":{"line":62,"column":null}},"type":"if","locations":[{"start":{"line":55,"column":6},"end":{"line":62,"column":null}},{"start":{"line":57,"column":13},"end":{"line":62,"column":null}}],"line":55},"12":{"loc":{"start":{"line":55,"column":10},"end":{"line":55,"column":42}},"type":"binary-expr","locations":[{"start":{"line":55,"column":10},"end":{"line":55,"column":31}},{"start":{"line":55,"column":31},"end":{"line":55,"column":42}}],"line":55},"13":{"loc":{"start":{"line":63,"column":11},"end":{"line":67,"column":null}},"type":"if","locations":[{"start":{"line":63,"column":11},"end":{"line":67,"column":null}},{"start":{"line":65,"column":11},"end":{"line":67,"column":null}}],"line":63},"14":{"loc":{"start":{"line":63,"column":15},"end":{"line":63,"column":51}},"type":"binary-expr","locations":[{"start":{"line":63,"column":15},"end":{"line":63,"column":40}},{"start":{"line":63,"column":40},"end":{"line":63,"column":51}}],"line":63},"15":{"loc":{"start":{"line":65,"column":11},"end":{"line":67,"column":null}},"type":"if","locations":[{"start":{"line":65,"column":11},"end":{"line":67,"column":null}},{"start":{},"end":{}}],"line":65},"16":{"loc":{"start":{"line":65,"column":15},"end":{"line":65,"column":61}},"type":"binary-expr","locations":[{"start":{"line":65,"column":15},"end":{"line":65,"column":41}},{"start":{"line":65,"column":41},"end":{"line":65,"column":61}}],"line":65},"17":{"loc":{"start":{"line":73,"column":4},"end":{"line":73,"column":null}},"type":"if","locations":[{"start":{"line":73,"column":4},"end":{"line":73,"column":null}},{"start":{},"end":{}}],"line":73},"18":{"loc":{"start":{"line":86,"column":4},"end":{"line":88,"column":null}},"type":"if","locations":[{"start":{"line":86,"column":4},"end":{"line":88,"column":null}},{"start":{},"end":{}}],"line":86},"19":{"loc":{"start":{"line":106,"column":22},"end":{"line":106,"column":null}},"type":"binary-expr","locations":[{"start":{"line":106,"column":22},"end":{"line":106,"column":34}},{"start":{"line":106,"column":34},"end":{"line":106,"column":null}}],"line":106},"20":{"loc":{"start":{"line":113,"column":16},"end":{"line":113,"column":null}},"type":"cond-expr","locations":[{"start":{"line":113,"column":24},"end":{"line":113,"column":62}},{"start":{"line":113,"column":62},"end":{"line":113,"column":null}}],"line":113},"21":{"loc":{"start":{"line":120,"column":9},"end":{"line":127,"column":null}},"type":"cond-expr","locations":[{"start":{"line":121,"column":10},"end":{"line":125,"column":null}},{"start":{"line":125,"column":12},"end":{"line":127,"column":null}}],"line":120},"22":{"loc":{"start":{"line":125,"column":12},"end":{"line":127,"column":null}},"type":"cond-expr","locations":[{"start":{"line":126,"column":10},"end":{"line":127,"column":null}},{"start":{"line":127,"column":12},"end":{"line":127,"column":null}}],"line":125}},"s":{"0":1,"1":6,"2":6,"3":6,"4":4,"5":4,"6":6,"7":3,"8":3,"9":0,"10":3,"11":3,"12":3,"13":3,"14":3,"15":3,"16":3,"17":3,"18":0,"19":6,"20":4,"21":1,"22":1,"23":0,"24":0,"25":0,"26":0,"27":3,"28":0,"29":3,"30":0,"31":6,"32":0,"33":0,"34":0,"35":0,"36":0,"37":0,"38":0,"39":0,"40":0,"41":0,"42":0,"43":0,"44":0,"45":0,"46":6,"47":36,"48":72,"49":3,"50":4},"f":{"0":6,"1":4,"2":3,"3":4,"4":0,"5":0,"6":0,"7":36,"8":72,"9":3,"10":4},"b":{"0":[6],"1":[6],"2":[6],"3":[6],"4":[4,0],"5":[4,4],"6":[0,3],"7":[3,0],"8":[0,3],"9":[3,0],"10":[1,3],"11":[1,0],"12":[1,1],"13":[0,3],"14":[3,0],"15":[0,3],"16":[3,0],"17":[0,0],"18":[0,0],"19":[36,36],"20":[0,36],"21":[0,6],"22":[0,6]},"meta":{"lastBranch":23,"lastFunction":11,"lastStatement":51,"seen":{"s:14:13:131:Infinity":0,"f:14:13:14:50":0,"b:15:11:15:Infinity":0,"b:18:14:18:Infinity":1,"b:19:10:19:Infinity":2,"b:20:13:20:Infinity":3,"s:22:14:22:Infinity":1,"s:23:8:23:Infinity":2,"s:25:8:29:Infinity":3,"f:25:8:25:22":1,"b:26:4:28:Infinity:undefined:undefined:undefined:undefined":4,"s:26:4:28:Infinity":4,"b:26:8:26:22:26:22:26:38":5,"s:27:6:27:Infinity":5,"s:31:8:51:Infinity":6,"f:31:8:31:24":2,"s:32:18:32:Infinity":7,"b:33:4:33:Infinity:undefined:undefined:undefined:undefined":6,"s:33:4:33:Infinity":8,"s:33:30:33:Infinity":9,"s:35:19:35:Infinity":10,"s:37:4:37:Infinity":11,"s:38:4:38:Infinity":12,"s:41:24:41:Infinity":13,"s:42:4:42:Infinity":14,"b:44:4:46:Infinity:undefined:undefined:undefined:undefined":7,"s:44:4:46:Infinity":15,"s:45:6:45:Infinity":16,"b:48:4:50:Infinity:undefined:undefined:undefined:undefined":8,"s:48:4:50:Infinity":17,"b:48:8:48:41:48:41:48:68":9,"s:49:6:49:Infinity":18,"s:53:8:68:Infinity":19,"f:53:8:53:25":3,"b:54:4:67:Infinity:63:11:67:Infinity":10,"s:54:4:67:Infinity":20,"b:55:6:62:Infinity:57:13:62:Infinity":11,"s:55:6:62:Infinity":21,"b:55:10:55:31:55:31:55:42":12,"s:56:8:56:Infinity":22,"s:58:23:58:Infinity":23,"s:59:8:59:Infinity":24,"s:60:8:60:Infinity":25,"s:61:8:61:Infinity":26,"b:63:11:67:Infinity:65:11:67:Infinity":13,"s:63:11:67:Infinity":27,"b:63:15:63:40:63:40:63:51":14,"s:64:6:64:Infinity":28,"b:65:11:67:Infinity:undefined:undefined:undefined:undefined":15,"s:65:11:67:Infinity":29,"b:65:15:65:41:65:41:65:61":16,"s:66:6:66:Infinity":30,"s:70:8:89:Infinity":31,"f:70:8:70:23":4,"s:71:4:71:Infinity":32,"s:72:23:72:Infinity":33,"b:73:4:73:Infinity:undefined:undefined:undefined:undefined":17,"s:73:4:73:Infinity":34,"f:73:19:73:24":5,"s:73:32:73:51":35,"s:73:54:73:Infinity":36,"s:75:19:75:Infinity":37,"s:76:4:78:Infinity":38,"f:76:15:76:24":6,"s:77:6:77:Infinity":39,"s:79:4:79:Infinity":40,"s:81:4:81:Infinity":41,"s:83:24:83:Infinity":42,"s:84:4:84:Infinity":43,"b:86:4:88:Infinity:undefined:undefined:undefined:undefined":18,"s:86:4:88:Infinity":44,"s:87:6:87:Infinity":45,"s:91:2:129:Infinity":46,"f:94:13:94:18":7,"s:95:10:115:Infinity":47,"f:97:12:97:18":8,"s:97:27:97:58":48,"f:103:12:103:23":9,"s:103:29:103:Infinity":49,"f:104:12:104:24":10,"s:104:30:104:Infinity":50,"b:106:22:106:34:106:34:106:Infinity":19,"b:113:24:113:62:113:62:113:Infinity":20,"b:121:10:125:Infinity:125:12:127:Infinity":21,"b:126:10:127:Infinity:127:12:127:Infinity":22},"fnNames":{}}}
,"E:\\brain_mentor\\workshop-feedback-system\\src\\context\\AuthContext.tsx": {"path":"E:\\brain_mentor\\workshop-feedback-system\\src\\context\\AuthContext.tsx","statementMap":{"0":{"start":{"line":13,"column":6},"end":{"line":13,"column":null}},"1":{"start":{"line":15,"column":13},"end":{"line":45,"column":null}},"2":{"start":{"line":16,"column":15},"end":{"line":16,"column":null}},"3":{"start":{"line":17,"column":18},"end":{"line":17,"column":null}},"4":{"start":{"line":19,"column":2},"end":{"line":26,"column":null}},"5":{"start":{"line":20,"column":24},"end":{"line":23,"column":null}},"6":{"start":{"line":21,"column":6},"end":{"line":21,"column":null}},"7":{"start":{"line":22,"column":6},"end":{"line":22,"column":null}},"8":{"start":{"line":25,"column":4},"end":{"line":25,"column":null}},"9":{"start":{"line":25,"column":17},"end":{"line":25,"column":null}},"10":{"start":{"line":28,"column":17},"end":{"line":30,"column":null}},"11":{"start":{"line":29,"column":4},"end":{"line":29,"column":null}},"12":{"start":{"line":32,"column":17},"end":{"line":34,"column":null}},"13":{"start":{"line":33,"column":4},"end":{"line":33,"column":null}},"14":{"start":{"line":36,"column":2},"end":{"line":38,"column":null}},"15":{"start":{"line":37,"column":4},"end":{"line":37,"column":null}},"16":{"start":{"line":40,"column":2},"end":{"line":43,"column":null}},"17":{"start":{"line":47,"column":13},"end":{"line":53,"column":null}},"18":{"start":{"line":48,"column":8},"end":{"line":48,"column":null}},"19":{"start":{"line":49,"column":2},"end":{"line":51,"column":null}},"20":{"start":{"line":50,"column":4},"end":{"line":50,"column":null}},"21":{"start":{"line":52,"column":2},"end":{"line":52,"column":null}}},"fnMap":{"0":{"name":"(anonymous_0)","decl":{"start":{"line":15,"column":13},"end":{"line":15,"column":70}},"loc":{"start":{"line":15,"column":87},"end":{"line":45,"column":null}},"line":15},"1":{"name":"(anonymous_1)","decl":{"start":{"line":19,"column":2},"end":{"line":19,"column":18}},"loc":{"start":{"line":19,"column":18},"end":{"line":26,"column":5}},"line":19},"2":{"name":"(anonymous_2)","decl":{"start":{"line":20,"column":36},"end":{"line":20,"column":56}},"loc":{"start":{"line":20,"column":72},"end":{"line":23,"column":5}},"line":20},"3":{"name":"(anonymous_3)","decl":{"start":{"line":25,"column":4},"end":{"line":25,"column":17}},"loc":{"start":{"line":25,"column":17},"end":{"line":25,"column":null}},"line":25},"4":{"name":"(anonymous_4)","decl":{"start":{"line":28,"column":17},"end":{"line":28,"column":29}},"loc":{"start":{"line":28,"column":29},"end":{"line":30,"column":null}},"line":28},"5":{"name":"(anonymous_5)","decl":{"start":{"line":32,"column":17},"end":{"line":32,"column":24}},"loc":{"start":{"line":32,"column":56},"end":{"line":34,"column":null}},"line":32},"6":{"name":"(anonymous_6)","decl":{"start":{"line":47,"column":13},"end":{"line":47,"column":29}},"loc":{"start":{"line":47,"column":29},"end":{"line":53,"column":null}},"line":47}},"branchMap":{"0":{"loc":{"start":{"line":36,"column":2},"end":{"line":38,"column":null}},"type":"if","locations":[{"start":{"line":36,"column":2},"end":{"line":38,"column":null}},{"start":{},"end":{}}],"line":36},"1":{"loc":{"start":{"line":49,"column":2},"end":{"line":51,"column":null}},"type":"if","locations":[{"start":{"line":49,"column":2},"end":{"line":51,"column":null}},{"start":{},"end":{}}],"line":49}},"s":{"0":1,"1":1,"2":2,"3":2,"4":2,"5":1,"6":1,"7":1,"8":1,"9":1,"10":2,"11":0,"12":2,"13":0,"14":2,"15":1,"16":1,"17":1,"18":3,"19":3,"20":0,"21":3},"f":{"0":2,"1":1,"2":1,"3":1,"4":0,"5":0,"6":3},"b":{"0":[1,1],"1":[0,3]},"meta":{"lastBranch":2,"lastFunction":7,"lastStatement":22,"seen":{"s:13:6:13:Infinity":0,"s:15:13:45:Infinity":1,"f:15:13:15:70":0,"s:16:15:16:Infinity":2,"s:17:18:17:Infinity":3,"s:19:2:26:Infinity":4,"f:19:2:19:18":1,"s:20:24:23:Infinity":5,"f:20:36:20:56":2,"s:21:6:21:Infinity":6,"s:22:6:22:Infinity":7,"s:25:4:25:Infinity":8,"f:25:4:25:17":3,"s:25:17:25:Infinity":9,"s:28:17:30:Infinity":10,"f:28:17:28:29":4,"s:29:4:29:Infinity":11,"s:32:17:34:Infinity":12,"f:32:17:32:24":5,"s:33:4:33:Infinity":13,"b:36:2:38:Infinity:undefined:undefined:undefined:undefined":0,"s:36:2:38:Infinity":14,"s:37:4:37:Infinity":15,"s:40:2:43:Infinity":16,"s:47:13:53:Infinity":17,"f:47:13:47:29":6,"s:48:8:48:Infinity":18,"b:49:2:51:Infinity:undefined:undefined:undefined:undefined":1,"s:49:2:51:Infinity":19,"s:50:4:50:Infinity":20,"s:52:2:52:Infinity":21},"fnNames":{}}}
,"E:\\brain_mentor\\workshop-feedback-system\\src\\data\\mockSubmissions.ts": {"path":"E:\\brain_mentor\\workshop-feedback-system\\src\\data\\mockSubmissions.ts","statementMap":{"0":{"start":{"line":4,"column":6},"end":{"line":4,"column":null}},"1":{"start":{"line":4,"column":55},"end":{"line":4,"column":null}},"2":{"start":{"line":6,"column":6},"end":{"line":26,"column":null}},"3":{"start":{"line":7,"column":2},"end":{"line":25,"column":null}},"4":{"start":{"line":7,"column":54},"end":{"line":25,"column":4}},"5":{"start":{"line":29,"column":45},"end":{"line":34,"column":null}}},"fnMap":{"0":{"name":"(anonymous_0)","decl":{"start":{"line":4,"column":6},"end":{"line":4,"column":29}},"loc":{"start":{"line":4,"column":55},"end":{"line":4,"column":null}},"line":4},"1":{"name":"(anonymous_1)","decl":{"start":{"line":6,"column":6},"end":{"line":6,"column":40}},"loc":{"start":{"line":6,"column":92},"end":{"line":26,"column":null}},"line":6},"2":{"name":"(anonymous_2)","decl":{"start":{"line":7,"column":39},"end":{"line":7,"column":44}},"loc":{"start":{"line":7,"column":54},"end":{"line":25,"column":4}},"line":7}},"branchMap":{"0":{"loc":{"start":{"line":14,"column":14},"end":{"line":14,"column":null}},"type":"cond-expr","locations":[{"start":{"line":14,"column":28},"end":{"line":14,"column":48}},{"start":{"line":14,"column":48},"end":{"line":14,"column":null}}],"line":14},"1":{"loc":{"start":{"line":14,"column":48},"end":{"line":14,"column":null}},"type":"cond-expr","locations":[{"start":{"line":14,"column":62},"end":{"line":14,"column":83}},{"start":{"line":14,"column":83},"end":{"line":14,"column":null}}],"line":14},"2":{"loc":{"start":{"line":19,"column":23},"end":{"line":19,"column":null}},"type":"cond-expr","locations":[{"start":{"line":19,"column":37},"end":{"line":19,"column":49}},{"start":{"line":19,"column":49},"end":{"line":19,"column":null}}],"line":19},"3":{"loc":{"start":{"line":19,"column":49},"end":{"line":19,"column":null}},"type":"cond-expr","locations":[{"start":{"line":19,"column":63},"end":{"line":19,"column":74}},{"start":{"line":19,"column":74},"end":{"line":19,"column":null}}],"line":19},"4":{"loc":{"start":{"line":20,"column":20},"end":{"line":20,"column":null}},"type":"cond-expr","locations":[{"start":{"line":20,"column":49},"end":{"line":20,"column":87}},{"start":{"line":20,"column":87},"end":{"line":20,"column":null}}],"line":20},"5":{"loc":{"start":{"line":20,"column":20},"end":{"line":20,"column":49}},"type":"binary-expr","locations":[{"start":{"line":20,"column":20},"end":{"line":20,"column":35}},{"start":{"line":20,"column":35},"end":{"line":20,"column":49}}],"line":20},"6":{"loc":{"start":{"line":21,"column":17},"end":{"line":21,"column":null}},"type":"cond-expr","locations":[{"start":{"line":21,"column":31},"end":{"line":21,"column":42}},{"start":{"line":21,"column":42},"end":{"line":21,"column":null}}],"line":21},"7":{"loc":{"start":{"line":22,"column":20},"end":{"line":22,"column":null}},"type":"cond-expr","locations":[{"start":{"line":22,"column":34},"end":{"line":22,"column":45}},{"start":{"line":22,"column":45},"end":{"line":22,"column":null}}],"line":22},"8":{"loc":{"start":{"line":23,"column":17},"end":{"line":23,"column":null}},"type":"cond-expr","locations":[{"start":{"line":23,"column":46},"end":{"line":23,"column":80}},{"start":{"line":23,"column":80},"end":{"line":23,"column":null}}],"line":23},"9":{"loc":{"start":{"line":23,"column":17},"end":{"line":23,"column":46}},"type":"binary-expr","locations":[{"start":{"line":23,"column":17},"end":{"line":23,"column":32}},{"start":{"line":23,"column":32},"end":{"line":23,"column":46}}],"line":23},"10":{"loc":{"start":{"line":24,"column":20},"end":{"line":24,"column":null}},"type":"cond-expr","locations":[{"start":{"line":24,"column":34},"end":{"line":24,"column":61}},{"start":{"line":24,"column":61},"end":{"line":24,"column":null}}],"line":24}},"s":{"0":1,"1":147,"2":1,"3":4,"4":92,"5":1},"f":{"0":147,"1":4,"2":92},"b":{"0":[32,60],"1":[30,30],"2":[19,73],"3":[18,55],"4":[55,37],"5":[92,73],"6":[18,74],"7":[18,74],"8":[55,37],"9":[92,73],"10":[18,74]},"meta":{"lastBranch":11,"lastFunction":3,"lastStatement":6,"seen":{"s:4:6:4:Infinity":0,"f:4:6:4:29":0,"s:4:55:4:Infinity":1,"s:6:6:26:Infinity":2,"f:6:6:6:40":1,"s:7:2:25:Infinity":3,"f:7:39:7:44":2,"s:7:54:25:4":4,"b:14:28:14:48:14:48:14:Infinity":0,"b:14:62:14:83:14:83:14:Infinity":1,"b:19:37:19:49:19:49:19:Infinity":2,"b:19:63:19:74:19:74:19:Infinity":3,"b:20:49:20:87:20:87:20:Infinity":4,"b:20:20:20:35:20:35:20:49":5,"b:21:31:21:42:21:42:21:Infinity":6,"b:22:34:22:45:22:45:22:Infinity":7,"b:23:46:23:80:23:80:23:Infinity":8,"b:23:17:23:32:23:32:23:46":9,"b:24:34:24:61:24:61:24:Infinity":10,"s:29:45:34:Infinity":5},"fnNames":{}}}
,"E:\\brain_mentor\\workshop-feedback-system\\src\\pages\\admin\\Dashboard.tsx": {"path":"E:\\brain_mentor\\workshop-feedback-system\\src\\pages\\admin\\Dashboard.tsx","statementMap":{"0":{"start":{"line":15,"column":6},"end":{"line":193,"column":null}},"1":{"start":{"line":16,"column":21},"end":{"line":16,"column":null}},"2":{"start":{"line":17,"column":23},"end":{"line":17,"column":null}},"3":{"start":{"line":18,"column":20},"end":{"line":18,"column":null}},"4":{"start":{"line":20,"column":2},"end":{"line":24,"column":null}},"5":{"start":{"line":21,"column":4},"end":{"line":23,"column":null}},"6":{"start":{"line":22,"column":6},"end":{"line":22,"column":null}},"7":{"start":{"line":27,"column":27},"end":{"line":27,"column":null}},"8":{"start":{"line":28,"column":23},"end":{"line":28,"column":null}},"9":{"start":{"line":28,"column":51},"end":{"line":28,"column":84}},"10":{"start":{"line":29,"column":20},"end":{"line":29,"column":null}},"11":{"start":{"line":29,"column":48},"end":{"line":29,"column":78}},"12":{"start":{"line":32,"column":8},"end":{"line":39,"column":null}},"13":{"start":{"line":33,"column":4},"end":{"line":38,"column":null}},"14":{"start":{"line":34,"column":28},"end":{"line":35,"column":null}},"15":{"start":{"line":36,"column":28},"end":{"line":36,"column":null}},"16":{"start":{"line":37,"column":6},"end":{"line":37,"column":null}},"17":{"start":{"line":38,"column":22},"end":{"line":38,"column":69}},"18":{"start":{"line":41,"column":8},"end":{"line":45,"column":null}},"19":{"start":{"line":42,"column":16},"end":{"line":42,"column":null}},"20":{"start":{"line":43,"column":4},"end":{"line":43,"column":null}},"21":{"start":{"line":44,"column":4},"end":{"line":44,"column":null}},"22":{"start":{"line":47,"column":8},"end":{"line":57,"column":null}},"23":{"start":{"line":48,"column":23},"end":{"line":54,"column":null}},"24":{"start":{"line":48,"column":51},"end":{"line":54,"column":6}},"25":{"start":{"line":53,"column":49},"end":{"line":53,"column":70}},"26":{"start":{"line":55,"column":4},"end":{"line":55,"column":null}},"27":{"start":{"line":56,"column":4},"end":{"line":56,"column":null}},"28":{"start":{"line":59,"column":2},"end":{"line":191,"column":null}},"29":{"start":{"line":93,"column":31},"end":{"line":93,"column":null}},"30":{"start":{"line":101,"column":31},"end":{"line":101,"column":null}},"31":{"start":{"line":125,"column":33},"end":{"line":125,"column":null}},"32":{"start":{"line":125,"column":61},"end":{"line":125,"column":89}},"33":{"start":{"line":126,"column":16},"end":{"line":177,"column":null}},"34":{"start":{"line":158,"column":43},"end":{"line":158,"column":null}},"35":{"start":{"line":195,"column":6},"end":{"line":207,"column":null}},"36":{"start":{"line":196,"column":2},"end":{"line":207,"column":null}}},"fnMap":{"0":{"name":"(anonymous_0)","decl":{"start":{"line":15,"column":6},"end":{"line":15,"column":34}},"loc":{"start":{"line":15,"column":34},"end":{"line":193,"column":null}},"line":15},"1":{"name":"(anonymous_1)","decl":{"start":{"line":20,"column":8},"end":{"line":20,"column":24}},"loc":{"start":{"line":20,"column":24},"end":{"line":24,"column":5}},"line":20},"2":{"name":"(anonymous_2)","decl":{"start":{"line":21,"column":38},"end":{"line":21,"column":43}},"loc":{"start":{"line":21,"column":51},"end":{"line":23,"column":5}},"line":21},"3":{"name":"(anonymous_3)","decl":{"start":{"line":28,"column":39},"end":{"line":28,"column":46}},"loc":{"start":{"line":28,"column":51},"end":{"line":28,"column":84}},"line":28},"4":{"name":"(anonymous_4)","decl":{"start":{"line":29,"column":36},"end":{"line":29,"column":43}},"loc":{"start":{"line":29,"column":48},"end":{"line":29,"column":78}},"line":29},"5":{"name":"(anonymous_5)","decl":{"start":{"line":32,"column":28},"end":{"line":32,"column":42}},"loc":{"start":{"line":32,"column":42},"end":{"line":39,"column":5}},"line":32},"6":{"name":"(anonymous_6)","decl":{"start":{"line":33,"column":21},"end":{"line":33,"column":28}},"loc":{"start":{"line":33,"column":33},"end":{"line":38,"column":5}},"line":33},"7":{"name":"(anonymous_7)","decl":{"start":{"line":38,"column":7},"end":{"line":38,"column":13}},"loc":{"start":{"line":38,"column":22},"end":{"line":38,"column":69}},"line":38},"8":{"name":"(anonymous_8)","decl":{"start":{"line":41,"column":8},"end":{"line":41,"column":26}},"loc":{"start":{"line":41,"column":47},"end":{"line":45,"column":null}},"line":41},"9":{"name":"(anonymous_9)","decl":{"start":{"line":47,"column":8},"end":{"line":47,"column":29}},"loc":{"start":{"line":47,"column":29},"end":{"line":57,"column":null}},"line":47},"10":{"name":"(anonymous_10)","decl":{"start":{"line":48,"column":41},"end":{"line":48,"column":45}},"loc":{"start":{"line":48,"column":51},"end":{"line":54,"column":6}},"line":48},"11":{"name":"(anonymous_11)","decl":{"start":{"line":53,"column":37},"end":{"line":53,"column":44}},"loc":{"start":{"line":53,"column":49},"end":{"line":53,"column":70}},"line":53},"12":{"name":"(anonymous_12)","decl":{"start":{"line":93,"column":14},"end":{"line":93,"column":25}},"loc":{"start":{"line":93,"column":31},"end":{"line":93,"column":null}},"line":93},"13":{"name":"(anonymous_13)","decl":{"start":{"line":101,"column":14},"end":{"line":101,"column":25}},"loc":{"start":{"line":101,"column":31},"end":{"line":101,"column":null}},"line":101},"14":{"name":"(anonymous_14)","decl":{"start":{"line":124,"column":33},"end":{"line":124,"column":38}},"loc":{"start":{"line":124,"column":56},"end":{"line":179,"column":15}},"line":124},"15":{"name":"(anonymous_15)","decl":{"start":{"line":125,"column":49},"end":{"line":125,"column":56}},"loc":{"start":{"line":125,"column":61},"end":{"line":125,"column":89}},"line":125},"16":{"name":"(anonymous_16)","decl":{"start":{"line":158,"column":28},"end":{"line":158,"column":43}},"loc":{"start":{"line":158,"column":43},"end":{"line":158,"column":null}},"line":158},"17":{"name":"(anonymous_17)","decl":{"start":{"line":195,"column":6},"end":{"line":195,"column":18}},"loc":{"start":{"line":196,"column":2},"end":{"line":207,"column":null}},"line":196}},"branchMap":{"0":{"loc":{"start":{"line":34,"column":28},"end":{"line":35,"column":null}},"type":"binary-expr","locations":[{"start":{"line":34,"column":28},"end":{"line":34,"column":null}},{"start":{"line":35,"column":28},"end":{"line":35,"column":null}}],"line":34},"1":{"loc":{"start":{"line":36,"column":28},"end":{"line":36,"column":null}},"type":"binary-expr","locations":[{"start":{"line":36,"column":28},"end":{"line":36,"column":54}},{"start":{"line":36,"column":54},"end":{"line":36,"column":null}}],"line":36},"2":{"loc":{"start":{"line":37,"column":13},"end":{"line":37,"column":null}},"type":"binary-expr","locations":[{"start":{"line":37,"column":13},"end":{"line":37,"column":30}},{"start":{"line":37,"column":30},"end":{"line":37,"column":null}}],"line":37},"3":{"loc":{"start":{"line":143,"column":24},"end":{"line":145,"column":null}},"type":"cond-expr","locations":[{"start":{"line":143,"column":55},"end":{"line":143,"column":null}},{"start":{"line":144,"column":24},"end":{"line":145,"column":null}}],"line":143},"4":{"loc":{"start":{"line":144,"column":24},"end":{"line":145,"column":null}},"type":"cond-expr","locations":[{"start":{"line":144,"column":54},"end":{"line":144,"column":null}},{"start":{"line":145,"column":24},"end":{"line":145,"column":null}}],"line":144},"5":{"loc":{"start":{"line":147,"column":25},"end":{"line":148,"column":34}},"type":"binary-expr","locations":[{"start":{"line":147,"column":25},"end":{"line":147,"column":57}},{"start":{"line":147,"column":57},"end":{"line":148,"column":34}}],"line":147},"6":{"loc":{"start":{"line":156,"column":25},"end":{"line":163,"column":null}},"type":"binary-expr","locations":[{"start":{"line":156,"column":25},"end":{"line":156,"column":null}},{"start":{"line":157,"column":26},"end":{"line":163,"column":null}}],"line":156},"7":{"loc":{"start":{"line":180,"column":15},"end":{"line":187,"column":null}},"type":"binary-expr","locations":[{"start":{"line":180,"column":15},"end":{"line":180,"column":null}},{"start":{"line":181,"column":16},"end":{"line":187,"column":null}}],"line":180}},"s":{"0":1,"1":0,"2":0,"3":0,"4":0,"5":0,"6":0,"7":0,"8":0,"9":0,"10":0,"11":0,"12":0,"13":0,"14":0,"15":0,"16":0,"17":0,"18":0,"19":0,"20":0,"21":0,"22":0,"23":0,"24":0,"25":0,"26":0,"27":0,"28":0,"29":0,"30":0,"31":0,"32":0,"33":0,"34":0,"35":1,"36":0},"f":{"0":0,"1":0,"2":0,"3":0,"4":0,"5":0,"6":0,"7":0,"8":0,"9":0,"10":0,"11":0,"12":0,"13":0,"14":0,"15":0,"16":0,"17":0},"b":{"0":[0,0],"1":[0,0],"2":[0,0],"3":[0,0],"4":[0,0],"5":[0,0],"6":[0,0],"7":[0,0]},"meta":{"lastBranch":8,"lastFunction":18,"lastStatement":37,"seen":{"s:15:6:193:Infinity":0,"f:15:6:15:34":0,"s:16:21:16:Infinity":1,"s:17:23:17:Infinity":2,"s:18:20:18:Infinity":3,"s:20:2:24:Infinity":4,"f:20:8:20:24":1,"s:21:4:23:Infinity":5,"f:21:38:21:43":2,"s:22:6:22:Infinity":6,"s:27:27:27:Infinity":7,"s:28:23:28:Infinity":8,"f:28:39:28:46":3,"s:28:51:28:84":9,"s:29:20:29:Infinity":10,"f:29:36:29:43":4,"s:29:48:29:78":11,"s:32:8:39:Infinity":12,"f:32:28:32:42":5,"s:33:4:38:Infinity":13,"f:33:21:33:28":6,"s:34:28:35:Infinity":14,"b:34:28:34:Infinity:35:28:35:Infinity":0,"s:36:28:36:Infinity":15,"b:36:28:36:54:36:54:36:Infinity":1,"s:37:6:37:Infinity":16,"b:37:13:37:30:37:30:37:Infinity":2,"f:38:7:38:13":7,"s:38:22:38:69":17,"s:41:8:45:Infinity":18,"f:41:8:41:26":8,"s:42:16:42:Infinity":19,"s:43:4:43:Infinity":20,"s:44:4:44:Infinity":21,"s:47:8:57:Infinity":22,"f:47:8:47:29":9,"s:48:23:54:Infinity":23,"f:48:41:48:45":10,"s:48:51:54:6":24,"f:53:37:53:44":11,"s:53:49:53:70":25,"s:55:4:55:Infinity":26,"s:56:4:56:Infinity":27,"s:59:2:191:Infinity":28,"f:93:14:93:25":12,"s:93:31:93:Infinity":29,"f:101:14:101:25":13,"s:101:31:101:Infinity":30,"f:124:33:124:38":14,"s:125:33:125:Infinity":31,"f:125:49:125:56":15,"s:125:61:125:89":32,"s:126:16:177:Infinity":33,"b:143:55:143:Infinity:144:24:145:Infinity":3,"b:144:54:144:Infinity:145:24:145:Infinity":4,"b:147:25:147:57:147:57:148:34":5,"b:156:25:156:Infinity:157:26:163:Infinity":6,"f:158:28:158:43":16,"s:158:43:158:Infinity":34,"b:180:15:180:Infinity:181:16:187:Infinity":7,"s:195:6:207:Infinity":35,"f:195:6:195:18":17,"s:196:2:207:Infinity":36},"fnNames":{}}}
,"E:\\brain_mentor\\workshop-feedback-system\\src\\pages\\admin\\Login.tsx": {"path":"E:\\brain_mentor\\workshop-feedback-system\\src\\pages\\admin\\Login.tsx","statementMap":{"0":{"start":{"line":11,"column":20},"end":{"line":14,"column":null}},"1":{"start":{"line":18,"column":6},"end":{"line":108,"column":null}},"2":{"start":{"line":19,"column":18},"end":{"line":19,"column":null}},"3":{"start":{"line":20,"column":8},"end":{"line":20,"column":null}},"4":{"start":{"line":21,"column":8},"end":{"line":21,"column":null}},"5":{"start":{"line":22,"column":20},"end":{"line":22,"column":null}},"6":{"start":{"line":24,"column":15},"end":{"line":24,"column":null}},"7":{"start":{"line":29,"column":25},"end":{"line":32,"column":null}},"8":{"start":{"line":35,"column":2},"end":{"line":37,"column":null}},"9":{"start":{"line":36,"column":4},"end":{"line":36,"column":null}},"10":{"start":{"line":39,"column":19},"end":{"line":47,"column":null}},"11":{"start":{"line":40,"column":4},"end":{"line":40,"column":null}},"12":{"start":{"line":41,"column":4},"end":{"line":46,"column":null}},"13":{"start":{"line":42,"column":6},"end":{"line":42,"column":null}},"14":{"start":{"line":43,"column":6},"end":{"line":43,"column":null}},"15":{"start":{"line":45,"column":6},"end":{"line":45,"column":null}},"16":{"start":{"line":49,"column":2},"end":{"line":106,"column":null}}},"fnMap":{"0":{"name":"(anonymous_0)","decl":{"start":{"line":18,"column":6},"end":{"line":18,"column":30}},"loc":{"start":{"line":18,"column":30},"end":{"line":108,"column":null}},"line":18},"1":{"name":"(anonymous_1)","decl":{"start":{"line":39,"column":19},"end":{"line":39,"column":26}},"loc":{"start":{"line":39,"column":50},"end":{"line":47,"column":null}},"line":39}},"branchMap":{"0":{"loc":{"start":{"line":24,"column":15},"end":{"line":24,"column":null}},"type":"binary-expr","locations":[{"start":{"line":24,"column":15},"end":{"line":24,"column":49}},{"start":{"line":24,"column":49},"end":{"line":24,"column":null}}],"line":24},"1":{"loc":{"start":{"line":35,"column":2},"end":{"line":37,"column":null}},"type":"if","locations":[{"start":{"line":35,"column":2},"end":{"line":37,"column":null}},{"start":{},"end":{}}],"line":35},"2":{"loc":{"start":{"line":45,"column":19},"end":{"line":45,"column":85}},"type":"binary-expr","locations":[{"start":{"line":45,"column":19},"end":{"line":45,"column":36}},{"start":{"line":45,"column":36},"end":{"line":45,"column":85}}],"line":45},"3":{"loc":{"start":{"line":79,"column":11},"end":{"line":86,"column":null}},"type":"binary-expr","locations":[{"start":{"line":79,"column":11},"end":{"line":79,"column":null}},{"start":{"line":80,"column":12},"end":{"line":86,"column":null}}],"line":79}},"s":{"0":1,"1":1,"2":2,"3":2,"4":2,"5":2,"6":2,"7":2,"8":2,"9":0,"10":2,"11":0,"12":0,"13":0,"14":0,"15":0,"16":2},"f":{"0":2,"1":0},"b":{"0":[2,0],"1":[0,2],"2":[0,0],"3":[2,0]},"meta":{"lastBranch":4,"lastFunction":2,"lastStatement":17,"seen":{"s:11:20:14:Infinity":0,"s:18:6:108:Infinity":1,"f:18:6:18:30":0,"s:19:18:19:Infinity":2,"s:20:8:20:Infinity":3,"s:21:8:21:Infinity":4,"s:22:20:22:Infinity":5,"s:24:15:24:Infinity":6,"b:24:15:24:49:24:49:24:Infinity":0,"s:29:25:32:Infinity":7,"b:35:2:37:Infinity:undefined:undefined:undefined:undefined":1,"s:35:2:37:Infinity":8,"s:36:4:36:Infinity":9,"s:39:19:47:Infinity":10,"f:39:19:39:26":1,"s:40:4:40:Infinity":11,"s:41:4:46:Infinity":12,"s:42:6:42:Infinity":13,"s:43:6:43:Infinity":14,"s:45:6:45:Infinity":15,"b:45:19:45:36:45:36:45:85":2,"s:49:2:106:Infinity":16,"b:79:11:79:Infinity:80:12:86:Infinity":3},"fnNames":{}}}
,"E:\\brain_mentor\\workshop-feedback-system\\src\\utils\\exportCsv.ts": {"path":"E:\\brain_mentor\\workshop-feedback-system\\src\\utils\\exportCsv.ts","statementMap":{"0":{"start":{"line":1,"column":13},"end":{"line":36,"column":null}},"1":{"start":{"line":2,"column":2},"end":{"line":4,"column":null}},"2":{"start":{"line":3,"column":4},"end":{"line":3,"column":null}},"3":{"start":{"line":5,"column":20},"end":{"line":5,"column":null}},"4":{"start":{"line":6,"column":15},"end":{"line":6,"column":null}},"5":{"start":{"line":8,"column":4},"end":{"line":23,"column":null}},"6":{"start":{"line":12,"column":8},"end":{"line":21,"column":null}},"7":{"start":{"line":14,"column":23},"end":{"line":14,"column":null}},"8":{"start":{"line":15,"column":12},"end":{"line":15,"column":null}},"9":{"start":{"line":16,"column":12},"end":{"line":18,"column":null}},"10":{"start":{"line":17,"column":14},"end":{"line":17,"column":null}},"11":{"start":{"line":19,"column":12},"end":{"line":19,"column":null}},"12":{"start":{"line":25,"column":15},"end":{"line":25,"column":null}},"13":{"start":{"line":26,"column":15},"end":{"line":26,"column":null}},"14":{"start":{"line":27,"column":2},"end":{"line":35,"column":null}},"15":{"start":{"line":28,"column":16},"end":{"line":28,"column":null}},"16":{"start":{"line":29,"column":4},"end":{"line":29,"column":null}},"17":{"start":{"line":30,"column":4},"end":{"line":30,"column":null}},"18":{"start":{"line":31,"column":4},"end":{"line":31,"column":null}},"19":{"start":{"line":32,"column":4},"end":{"line":32,"column":null}},"20":{"start":{"line":33,"column":4},"end":{"line":33,"column":null}},"21":{"start":{"line":34,"column":4},"end":{"line":34,"column":null}}},"fnMap":{"0":{"name":"(anonymous_0)","decl":{"start":{"line":1,"column":13},"end":{"line":1,"column":28}},"loc":{"start":{"line":1,"column":65},"end":{"line":36,"column":null}},"line":1},"1":{"name":"(anonymous_1)","decl":{"start":{"line":11,"column":7},"end":{"line":11,"column":12}},"loc":{"start":{"line":11,"column":25},"end":{"line":22,"column":7}},"line":11},"2":{"name":"(anonymous_2)","decl":{"start":{"line":13,"column":11},"end":{"line":13,"column":16}},"loc":{"start":{"line":13,"column":22},"end":{"line":20,"column":11}},"line":13}},"branchMap":{"0":{"loc":{"start":{"line":2,"column":2},"end":{"line":4,"column":null}},"type":"if","locations":[{"start":{"line":2,"column":2},"end":{"line":4,"column":null}},{"start":{},"end":{}}],"line":2},"1":{"loc":{"start":{"line":2,"column":6},"end":{"line":2,"column":29}},"type":"binary-expr","locations":[{"start":{"line":2,"column":6},"end":{"line":2,"column":15}},{"start":{"line":2,"column":15},"end":{"line":2,"column":29}}],"line":2},"2":{"loc":{"start":{"line":14,"column":23},"end":{"line":14,"column":null}},"type":"cond-expr","locations":[{"start":{"line":14,"column":65},"end":{"line":14,"column":70}},{"start":{"line":14,"column":70},"end":{"line":14,"column":null}}],"line":14},"3":{"loc":{"start":{"line":14,"column":23},"end":{"line":14,"column":65}},"type":"binary-expr","locations":[{"start":{"line":14,"column":23},"end":{"line":14,"column":42}},{"start":{"line":14,"column":42},"end":{"line":14,"column":65}}],"line":14},"4":{"loc":{"start":{"line":15,"column":19},"end":{"line":15,"column":null}},"type":"cond-expr","locations":[{"start":{"line":15,"column":42},"end":{"line":15,"column":66}},{"start":{"line":15,"column":66},"end":{"line":15,"column":null}}],"line":15},"5":{"loc":{"start":{"line":16,"column":12},"end":{"line":18,"column":null}},"type":"if","locations":[{"start":{"line":16,"column":12},"end":{"line":18,"column":null}},{"start":{},"end":{}}],"line":16},"6":{"loc":{"start":{"line":27,"column":2},"end":{"line":35,"column":null}},"type":"if","locations":[{"start":{"line":27,"column":2},"end":{"line":35,"column":null}},{"start":{},"end":{}}],"line":27}},"s":{"0":2,"1":1,"2":0,"3":1,"4":1,"5":1,"6":2,"7":6,"8":6,"9":6,"10":1,"11":6,"12":1,"13":1,"14":1,"15":1,"16":1,"17":1,"18":1,"19":1,"20":1,"21":1},"f":{"0":1,"1":2,"2":6},"b":{"0":[0,1],"1":[1,1],"2":[0,6],"3":[6,6],"4":[0,6],"5":[1,5],"6":[1,0]},"meta":{"lastBranch":7,"lastFunction":3,"lastStatement":22,"seen":{"s:1:13:36:Infinity":0,"f:1:13:1:28":0,"b:2:2:4:Infinity:undefined:undefined:undefined:undefined":0,"s:2:2:4:Infinity":1,"b:2:6:2:15:2:15:2:29":1,"s:3:4:3:Infinity":2,"s:5:20:5:Infinity":3,"s:6:15:6:Infinity":4,"s:8:4:23:Infinity":5,"f:11:7:11:12":1,"s:12:8:21:Infinity":6,"f:13:11:13:16":2,"s:14:23:14:Infinity":7,"b:14:65:14:70:14:70:14:Infinity":2,"b:14:23:14:42:14:42:14:65":3,"s:15:12:15:Infinity":8,"b:15:42:15:66:15:66:15:Infinity":4,"b:16:12:18:Infinity:undefined:undefined:undefined:undefined":5,"s:16:12:18:Infinity":9,"s:17:14:17:Infinity":10,"s:19:12:19:Infinity":11,"s:25:15:25:Infinity":12,"s:26:15:26:Infinity":13,"b:27:2:35:Infinity:undefined:undefined:undefined:undefined":6,"s:27:2:35:Infinity":14,"s:28:16:28:Infinity":15,"s:29:4:29:Infinity":16,"s:30:4:30:Infinity":17,"s:31:4:31:Infinity":18,"s:32:4:32:Infinity":19,"s:33:4:33:Infinity":20,"s:34:4:34:Infinity":21},"fnNames":{}}}
,"E:\\brain_mentor\\workshop-feedback-system\\src\\utils\\slug.ts": {"path":"E:\\brain_mentor\\workshop-feedback-system\\src\\utils\\slug.ts","statementMap":{"0":{"start":{"line":1,"column":13},"end":{"line":8,"column":null}},"1":{"start":{"line":2,"column":2},"end":{"line":7,"column":null}}},"fnMap":{"0":{"name":"(anonymous_0)","decl":{"start":{"line":1,"column":13},"end":{"line":1,"column":29}},"loc":{"start":{"line":1,"column":54},"end":{"line":8,"column":null}},"line":1}},"branchMap":{},"s":{"0":1,"1":5},"f":{"0":5},"b":{},"meta":{"lastBranch":0,"lastFunction":1,"lastStatement":2,"seen":{"s:1:13:8:Infinity":0,"f:1:13:1:29":0,"s:2:2:7:Infinity":1},"fnNames":{}}}
}
